0 info it worked if it ends with ok
1 verbose cli [ '/usr/bin/nodejs', '/usr/bin/npm', 'start' ]
2 info using npm@3.10.8
3 info using node@v6.9.1
4 verbose run-script [ 'prestart', 'start', 'poststart' ]
5 info lifecycle electron-github@0.0.1~prestart: electron-github@0.0.1
6 silly lifecycle electron-github@0.0.1~prestart: no script for prestart, continuing
7 info lifecycle electron-github@0.0.1~start: electron-github@0.0.1
8 verbose lifecycle electron-github@0.0.1~start: unsafe-perm in lifecycle true
9 verbose lifecycle electron-github@0.0.1~start: PATH: /usr/lib/node_modules/npm/bin/node-gyp-bin:/home/tushar/ScratchPad/Electron/electron-github/node_modules/.bin:/home/tushar/bin:/home/tushar/.local/bin:/usr/local/sbin:/usr/local/bin:/usr/sbin:/usr/bin:/sbin:/bin:/usr/games:/usr/local/games:/snap/bin:/home/tushar/adt-bundle-linux-x86_64-20140321/sdk/platform-tools:/home/tushar/adt-bundle-linux-x86_64-20140321/sdk/tools
10 verbose lifecycle electron-github@0.0.1~start: CWD: /home/tushar/ScratchPad/Electron/electron-github
11 silly lifecycle electron-github@0.0.1~start: Args: [ '-c', 'tsc && concurrently "npm run tsc:w" "electron ." ' ]
12 silly lifecycle electron-github@0.0.1~start: Returned: code: 2  signal: null
13 info lifecycle electron-github@0.0.1~start: Failed to exec start script
14 verbose stack Error: electron-github@0.0.1 start: `tsc && concurrently "npm run tsc:w" "electron ." `
14 verbose stack Exit status 2
14 verbose stack     at EventEmitter.<anonymous> (/usr/lib/node_modules/npm/lib/utils/lifecycle.js:255:16)
14 verbose stack     at emitTwo (events.js:106:13)
14 verbose stack     at EventEmitter.emit (events.js:191:7)
14 verbose stack     at ChildProcess.<anonymous> (/usr/lib/node_modules/npm/lib/utils/spawn.js:40:14)
14 verbose stack     at emitTwo (events.js:106:13)
14 verbose stack     at ChildProcess.emit (events.js:191:7)
14 verbose stack     at maybeClose (internal/child_process.js:877:16)
14 verbose stack     at Process.ChildProcess._handle.onexit (internal/child_process.js:226:5)
15 verbose pkgid electron-github@0.0.1
16 verbose cwd /home/tushar/ScratchPad/Electron/electron-github
17 error Linux 4.4.0-47-generic
18 error argv "/usr/bin/nodejs" "/usr/bin/npm" "start"
19 error node v6.9.1
20 error npm  v3.10.8
21 error code ELIFECYCLE
22 error electron-github@0.0.1 start: `tsc && concurrently "npm run tsc:w" "electron ." `
22 error Exit status 2
23 error Failed at the electron-github@0.0.1 start script 'tsc && concurrently "npm run tsc:w" "electron ." '.
23 error Make sure you have the latest version of node.js and npm installed.
23 error If you do, this is most likely a problem with the electron-github package,
23 error not with npm itself.
23 error Tell the author that this fails on your system:
23 error     tsc && concurrently "npm run tsc:w" "electron ."
23 error You can get information on how to open an issue for this project with:
23 error     npm bugs electron-github
23 error Or if that isn't available, you can get their info via:
23 error     npm owner ls electron-github
23 error There is likely additional logging output above.
24 verbose exit [ 1, true ]
